Optimierungsdauer: 6.172 secs
Gesehene einzigartige Schulhoefe: 310427
Durchgefuehrte Blaseoperationen: 500000
Laengste Schrittfolge: 22

==================================================

Bester Schulhof
  Maximal-Laub: 679
  Schritte: 22

--------------------------
| 100| 100| 100| 100| 100|
--------------------------
| 100| 100‖ 100‖ 100| 100|
--------------------------
| 100| 100| 100| 100| 100|
--------------------------
| 100| 100| 100| 100| 100|
--------------------------
| 100| 100| 100| 100| 100|
--------------------------
Op 1: (4, 1) <
--------------------------
| 100| 100| 110| 100| 100|
--------------------------
| 100| 110‖ 170‖   0| 100|
--------------------------
| 100| 100| 110| 100| 100|
--------------------------
| 100| 100| 100| 100| 100|
--------------------------
| 100| 100| 100| 100| 100|
--------------------------
Op 2: (2, 3) ^
--------------------------
| 100| 100| 127| 100| 100|
--------------------------
| 100| 121‖ 241‖  11| 100|
--------------------------
| 100| 100|   0| 100| 100|
--------------------------
| 100| 100| 100| 100| 100|
--------------------------
| 100| 100| 100| 100| 100|
--------------------------
Op 3: (0, 1) >
--------------------------
| 100| 100| 139| 100| 100|
--------------------------
| 100|   0‖ 314‖  35| 100|
--------------------------
| 100| 100|  12| 100| 100|
--------------------------
| 100| 100| 100| 100| 100|
--------------------------
| 100| 100| 100| 100| 100|
--------------------------
Op 4: (4, 2) <
--------------------------
| 100| 100| 139| 100| 100|
--------------------------
| 100|   0‖ 324‖  35| 100|
--------------------------
| 100| 101|  91|   0| 100|
--------------------------
| 100| 100| 110| 100| 100|
--------------------------
| 100| 100| 100| 100| 100|
--------------------------
Op 5: (2, 3) ^
--------------------------
| 100| 100| 171| 100| 100|
--------------------------
| 100|   9‖ 365‖  44| 100|
--------------------------
| 100| 101|   0|   0| 100|
--------------------------
| 100| 100| 110| 100| 100|
--------------------------
| 100| 100| 100| 100| 100|
--------------------------
Op 6: (2, 4) ^
--------------------------
| 100| 100| 171| 100| 100|
--------------------------
| 100|   9‖ 365‖  44| 100|
--------------------------
| 100| 112|  88|  11| 100|
--------------------------
| 100| 100|   0| 100| 100|
--------------------------
| 100| 100| 100| 100| 100|
--------------------------
Op 7: (2, 3) ^
--------------------------
| 100| 100| 207| 100| 100|
--------------------------
| 100|  17‖ 401‖  52| 100|
--------------------------
| 100| 112|   0|  11| 100|
--------------------------
| 100| 100|   0| 100| 100|
--------------------------
| 100| 100| 100| 100| 100|
--------------------------
Op 8: (1, 3) ^
--------------------------
| 100| 101| 207| 100| 100|
--------------------------
| 111| 106‖ 412‖  52| 100|
--------------------------
| 100|   0|   0|  11| 100|
--------------------------
| 100| 100|   0| 100| 100|
--------------------------
| 100| 100| 100| 100| 100|
--------------------------
Op 9: (0, 1) >
--------------------------
| 100| 101| 217| 100| 100|
--------------------------
| 111|   0‖ 457‖  93| 100|
--------------------------
| 100|   0|  10|  11| 100|
--------------------------
| 100| 100|   0| 100| 100|
--------------------------
| 100| 100| 100| 100| 100|
--------------------------
Op 10: (1, 0) >
--------------------------
| 100| 101|   0| 286| 110|
--------------------------
| 111|   0‖ 457‖ 114| 100|
--------------------------
| 100|   0|  10|  11| 100|
--------------------------
| 100| 100|   0| 100| 100|
--------------------------
| 100| 100| 100| 100| 100|
--------------------------
Op 11: (4, 1) <
--------------------------
| 100| 101|  11| 286| 110|
--------------------------
| 111|  45‖ 504‖   0| 100|
--------------------------
| 100|   0|  21|  11| 100|
--------------------------
| 100| 100|   0| 100| 100|
--------------------------
| 100| 100| 100| 100| 100|
--------------------------
Op 12: (4, 0) <
--------------------------
| 100| 102| 268|   0| 110|
--------------------------
| 111|  45‖ 532‖   0| 100|
--------------------------
| 100|   0|  21|  11| 100|
--------------------------
| 100| 100|   0| 100| 100|
--------------------------
| 100| 100| 100| 100| 100|
--------------------------
Op 13: (3, 0) <
--------------------------
| 110| 334|   0|   0| 110|
--------------------------
| 111|  71‖ 532‖   0| 100|
--------------------------
| 100|   0|  21|  11| 100|
--------------------------
| 100| 100|   0| 100| 100|
--------------------------
| 100| 100| 100| 100| 100|
--------------------------
Op 14: (0, 0) >
--------------------------
| 110|   0| 301|   0| 110|
--------------------------
| 111|  71‖ 565‖   0| 100|
--------------------------
| 100|   0|  21|  11| 100|
--------------------------
| 100| 100|   0| 100| 100|
--------------------------
| 100| 100| 100| 100| 100|
--------------------------
Op 15: (1, 4) ^
--------------------------
| 110|   0| 301|   0| 110|
--------------------------
| 111|  71‖ 565‖   0| 100|
--------------------------
| 110|  80|  31|  11| 100|
--------------------------
| 100|   0|   0| 100| 100|
--------------------------
| 100| 100| 100| 100| 100|
--------------------------
Op 16: (1, 3) ^
--------------------------
| 110|   7| 301|   0| 110|
--------------------------
| 119| 128‖ 573‖   0| 100|
--------------------------
| 110|   0|  31|  11| 100|
--------------------------
| 100|   0|   0| 100| 100|
--------------------------
| 100| 100| 100| 100| 100|
--------------------------
Op 17: (0, 1) >
--------------------------
| 110|   7| 313|   0| 110|
--------------------------
| 119|   0‖ 620‖  57| 100|
--------------------------
| 110|   0|  43|  11| 100|
--------------------------
| 100|   0|   0| 100| 100|
--------------------------
| 100| 100| 100| 100| 100|
--------------------------
Op 18: (3, 4) ^
--------------------------
| 110|   7| 313|   0| 110|
--------------------------
| 119|   0‖ 620‖  58| 100|
--------------------------
| 110|   0|  53|  90| 110|
--------------------------
| 100|   0|   0|   0| 100|
--------------------------
| 100| 100| 100| 100| 100|
--------------------------
Op 19: (3, 3) ^
--------------------------
| 110|   7| 313|   5| 110|
--------------------------
| 119|   0‖ 629‖ 125| 109|
--------------------------
| 110|   0|  53|   0| 110|
--------------------------
| 100|   0|   0|   0| 100|
--------------------------
| 100| 100| 100| 100| 100|
--------------------------
Op 20: (4, 1) <
--------------------------
| 110|   7| 325|   5| 110|
--------------------------
| 119|  62‖ 668‖   0| 109|
--------------------------
| 110|   0|  65|   0| 110|
--------------------------
| 100|   0|   0|   0| 100|
--------------------------
| 100| 100| 100| 100| 100|
--------------------------
Op 21: (2, 4) ^
--------------------------
| 110|   7| 325|   5| 110|
--------------------------
| 119|  62‖ 674‖   0| 109|
--------------------------
| 110|   0|  59|   0| 110|
--------------------------
| 100|   0|   0|   0| 100|
--------------------------
| 100| 100| 100| 100| 100|
--------------------------
Op 22: (2, 4) ^
--------------------------
| 110|   7| 325|   5| 110|
--------------------------
| 119|  62‖ 679‖   0| 109|
--------------------------
| 110|   0|  54|   0| 110|
--------------------------
| 100|   0|   0|   0| 100|
--------------------------
| 100| 100| 100| 100| 100|
--------------------------