Optimierungsdauer: 6.058 secs
Gesehene einzigartige Schulhoefe: 336123
Durchgefuehrte Blaseoperationen: 500000
Laengste Schrittfolge: 8

==================================================

Bester Schulhof
  Maximal-Laub: 569
  Schritte: 8

--------------------------
| 100| 100| 100| 100| 100|
--------------------------
| 100| 100‖ 100‖ 100| 100|
--------------------------
| 100| 100| 100| 100| 100|
--------------------------
| 100| 100| 100| 100| 100|
--------------------------
| 100| 100| 100| 100| 100|
--------------------------
Op 1: (4, 2) <
--------------------------
| 100| 100| 100| 100| 100|
--------------------------
| 100| 100‖ 110‖ 100| 100|
--------------------------
| 100| 110| 170|   0| 100|
--------------------------
| 100| 100| 110| 100| 100|
--------------------------
| 100| 100| 100| 100| 100|
--------------------------
Op 2: (2, 4) ^
--------------------------
| 100| 100| 100| 100| 100|
--------------------------
| 100| 100‖ 127‖ 100| 100|
--------------------------
| 100| 121| 241|  11| 100|
--------------------------
| 100| 100|   0| 100| 100|
--------------------------
| 100| 100| 100| 100| 100|
--------------------------
Op 3: (2, 3) ^
--------------------------
| 100| 100| 112| 100| 100|
--------------------------
| 100| 124‖ 308‖ 124| 100|
--------------------------
| 100| 121|   0|  11| 100|
--------------------------
| 100| 100|   0| 100| 100|
--------------------------
| 100| 100| 100| 100| 100|
--------------------------
Op 4: (1, 3) ^
--------------------------
| 100| 112| 112| 100| 100|
--------------------------
| 112| 209‖ 320‖ 124| 100|
--------------------------
| 100|   0|   0|  11| 100|
--------------------------
| 100| 100|   0| 100| 100|
--------------------------
| 100| 100| 100| 100| 100|
--------------------------
Op 5: (0, 1) >
--------------------------
| 100| 112| 132| 100| 100|
--------------------------
| 112|   0‖ 457‖ 156| 100|
--------------------------
| 100|   0|  20|  11| 100|
--------------------------
| 100| 100|   0| 100| 100|
--------------------------
| 100| 100| 100| 100| 100|
--------------------------
Op 6: (1, 0) >
--------------------------
| 100| 112|   0| 209| 110|
--------------------------
| 112|   0‖ 457‖ 169| 100|
--------------------------
| 100|   0|  20|  11| 100|
--------------------------
| 100| 100|   0| 100| 100|
--------------------------
| 100| 100| 100| 100| 100|
--------------------------
Op 7: (4, 1) <
--------------------------
| 100| 112|  16| 209| 110|
--------------------------
| 112|  45‖ 549‖   0| 100|
--------------------------
| 100|   0|  36|  11| 100|
--------------------------
| 100| 100|   0| 100| 100|
--------------------------
| 100| 100| 100| 100| 100|
--------------------------
Op 8: (4, 0) <
--------------------------
| 100| 113| 204|   0| 110|
--------------------------
| 112|  45‖ 569‖   0| 100|
--------------------------
| 100|   0|  36|  11| 100|
--------------------------
| 100| 100|   0| 100| 100|
--------------------------
| 100| 100| 100| 100| 100|
--------------------------