Optimierungsdauer: 6.231 secs
Gesehene einzigartige Schulhoefe: 273589
Durchgefuehrte Blaseoperationen: 500000
Laengste Schrittfolge: 14

==================================================

Bester Schulhof
  Maximal-Laub: 698
  Schritte: 14

--------------------------
| 100| 100| 100| 100| 100|
--------------------------
| 100| 100‖ 100‖ 100| 100|
--------------------------
| 100| 100| 100| 100| 100|
--------------------------
| 100| 100| 100| 100| 100|
--------------------------
| 100| 100| 100| 100| 100|
--------------------------
Op 1: (4, 1) <
--------------------------
| 100| 100| 110| 100| 100|
--------------------------
| 100| 110‖ 170‖   0| 100|
--------------------------
| 100| 100| 110| 100| 100|
--------------------------
| 100| 100| 100| 100| 100|
--------------------------
| 100| 100| 100| 100| 100|
--------------------------
Op 2: (0, 1) >
--------------------------
| 100| 100| 121| 100| 100|
--------------------------
| 100|   0‖ 241‖  17| 100|
--------------------------
| 100| 100| 121| 100| 100|
--------------------------
| 100| 100| 100| 100| 100|
--------------------------
| 100| 100| 100| 100| 100|
--------------------------
Op 3: (2, 4) ^
--------------------------
| 100| 100| 121| 100| 100|
--------------------------
| 100|   0‖ 253‖  17| 100|
--------------------------
| 100| 110| 189| 110| 100|
--------------------------
| 100| 100|   0| 100| 100|
--------------------------
| 100| 100| 100| 100| 100|
--------------------------
Op 4: (2, 3) ^
--------------------------
| 100| 100| 146| 100| 100|
--------------------------
| 100|  18‖ 381‖  35| 100|
--------------------------
| 100| 110|   0| 110| 100|
--------------------------
| 100| 100|   0| 100| 100|
--------------------------
| 100| 100| 100| 100| 100|
--------------------------
Op 5: (3, 4) ^
--------------------------
| 100| 100| 146| 100| 100|
--------------------------
| 100|  18‖ 381‖  46| 100|
--------------------------
| 100| 110|  10| 179| 110|
--------------------------
| 100| 100|   0|   0| 100|
--------------------------
| 100| 100| 100| 100| 100|
--------------------------
Op 6: (3, 3) ^
--------------------------
| 100| 100| 146| 104| 100|
--------------------------
| 100|  18‖ 398‖ 187| 117|
--------------------------
| 100| 110|  10|   0| 110|
--------------------------
| 100| 100|   0|   0| 100|
--------------------------
| 100| 100| 100| 100| 100|
--------------------------
Op 7: (4, 1) <
--------------------------
| 100| 100| 164| 104| 100|
--------------------------
| 100|  57‖ 510‖   0| 117|
--------------------------
| 100| 110|  28|   0| 110|
--------------------------
| 100| 100|   0|   0| 100|
--------------------------
| 100| 100| 100| 100| 100|
--------------------------
Op 8: (1, 4) ^
--------------------------
| 100| 100| 164| 104| 100|
--------------------------
| 100|  68‖ 510‖   0| 117|
--------------------------
| 110| 179|  38|   0| 110|
--------------------------
| 100|   0|   0|   0| 100|
--------------------------
| 100| 100| 100| 100| 100|
--------------------------
Op 9: (1, 3) ^
--------------------------
| 100| 106| 164| 104| 100|
--------------------------
| 117| 207‖ 527‖   0| 117|
--------------------------
| 110|   0|  38|   0| 110|
--------------------------
| 100|   0|   0|   0| 100|
--------------------------
| 100| 100| 100| 100| 100|
--------------------------
Op 10: (0, 1) >
--------------------------
| 100| 106| 184| 104| 100|
--------------------------
| 117|   0‖ 642‖  52| 117|
--------------------------
| 110|   0|  58|   0| 110|
--------------------------
| 100|   0|   0|   0| 100|
--------------------------
| 100| 100| 100| 100| 100|
--------------------------
Op 11: (3, 0) <
--------------------------
| 110| 262|   0| 104| 100|
--------------------------
| 117|  18‖ 642‖  52| 117|
--------------------------
| 110|   0|  58|   0| 110|
--------------------------
| 100|   0|   0|   0| 100|
--------------------------
| 100| 100| 100| 100| 100|
--------------------------
Op 12: (0, 0) >
--------------------------
| 110|   0| 236| 104| 100|
--------------------------
| 117|  18‖ 668‖  52| 117|
--------------------------
| 110|   0|  58|   0| 110|
--------------------------
| 100|   0|   0|   0| 100|
--------------------------
| 100| 100| 100| 100| 100|
--------------------------
Op 13: (1, 0) >
--------------------------
| 110|   0|   0| 307| 110|
--------------------------
| 117|  18‖ 668‖  75| 117|
--------------------------
| 110|   0|  58|   0| 110|
--------------------------
| 100|   0|   0|   0| 100|
--------------------------
| 100| 100| 100| 100| 100|
--------------------------
Op 14: (4, 0) <
--------------------------
| 110|   0| 277|   0| 110|
--------------------------
| 117|  18‖ 698‖  75| 117|
--------------------------
| 110|   0|  58|   0| 110|
--------------------------
| 100|   0|   0|   0| 100|
--------------------------
| 100| 100| 100| 100| 100|
--------------------------