Optimierungsdauer: 5.829 secs
Gesehene einzigartige Schulhoefe: 262043
Durchgefuehrte Blaseoperationen: 500000
Laengste Schrittfolge: 49

==================================================

Bester Schulhof
  Maximal-Laub: 947
  Schritte: 49

--------------------------
| 100| 100| 100| 100| 100|
--------------------------
| 100| 100‖ 100‖ 100| 100|
--------------------------
| 100| 100| 100| 100| 100|
--------------------------
| 100| 100| 100| 100| 100|
--------------------------
| 100| 100| 100| 100| 100|
--------------------------
Op 1: (4, 1) <
--------------------------
| 100| 100| 110| 100| 100|
--------------------------
| 100| 110‖ 170‖   0| 100|
--------------------------
| 100| 100| 110| 100| 100|
--------------------------
| 100| 100| 100| 100| 100|
--------------------------
| 100| 100| 100| 100| 100|
--------------------------
Op 2: (2, 3) ^
--------------------------
| 100| 100| 127| 100| 100|
--------------------------
| 100| 121‖ 241‖  11| 100|
--------------------------
| 100| 100|   0| 100| 100|
--------------------------
| 100| 100| 100| 100| 100|
--------------------------
| 100| 100| 100| 100| 100|
--------------------------
Op 3: (0, 1) >
--------------------------
| 100| 100| 139| 100| 100|
--------------------------
| 100|   0‖ 314‖  35| 100|
--------------------------
| 100| 100|  12| 100| 100|
--------------------------
| 100| 100| 100| 100| 100|
--------------------------
| 100| 100| 100| 100| 100|
--------------------------
Op 4: (4, 0) <
--------------------------
| 100| 113| 216|   0| 100|
--------------------------
| 100|   0‖ 324‖  35| 100|
--------------------------
| 100| 100|  12| 100| 100|
--------------------------
| 100| 100| 100| 100| 100|
--------------------------
| 100| 100| 100| 100| 100|
--------------------------
Op 5: (0, 0) >
--------------------------
| 100|   0| 297|  21| 100|
--------------------------
| 100|   0‖ 335‖  35| 100|
--------------------------
| 100| 100|  12| 100| 100|
--------------------------
| 100| 100| 100| 100| 100|
--------------------------
| 100| 100| 100| 100| 100|
--------------------------
Op 6: (4, 2) <
--------------------------
| 100|   0| 297|  21| 100|
--------------------------
| 100|   0‖ 345‖  35| 100|
--------------------------
| 100| 101|  91|   0| 100|
--------------------------
| 100| 100| 110| 100| 100|
--------------------------
| 100| 100| 100| 100| 100|
--------------------------
Op 7: (2, 3) ^
--------------------------
| 100|   0| 331|  21| 100|
--------------------------
| 100|   9‖ 384‖  44| 100|
--------------------------
| 100| 101|   0|   0| 100|
--------------------------
| 100| 100| 110| 100| 100|
--------------------------
| 100| 100| 100| 100| 100|
--------------------------
Op 8: (1, 3) ^
--------------------------
| 100|   0| 331|  21| 100|
--------------------------
| 110|  90‖ 394‖  44| 100|
--------------------------
| 100|   0|   0|   0| 100|
--------------------------
| 100| 100| 110| 100| 100|
--------------------------
| 100| 100| 100| 100| 100|
--------------------------
Op 9: (0, 1) >
--------------------------
| 100|   0| 340|  21| 100|
--------------------------
| 110|   0‖ 427‖  83| 100|
--------------------------
| 100|   0|   9|   0| 100|
--------------------------
| 100| 100| 110| 100| 100|
--------------------------
| 100| 100| 100| 100| 100|
--------------------------
Op 10: (4, 1) <
--------------------------
| 100|   0| 348|  21| 100|
--------------------------
| 110|  42‖ 452‖   0| 100|
--------------------------
| 100|   0|  17|   0| 100|
--------------------------
| 100| 100| 110| 100| 100|
--------------------------
| 100| 100| 100| 100| 100|
--------------------------
Op 11: (2, 4) ^
--------------------------
| 100|   0| 348|  21| 100|
--------------------------
| 110|  42‖ 453‖   0| 100|
--------------------------
| 100|  11| 104|  11| 100|
--------------------------
| 100| 100|   0| 100| 100|
--------------------------
| 100| 100| 100| 100| 100|
--------------------------
Op 12: (2, 3) ^
--------------------------
| 100|   0| 393|  21| 100|
--------------------------
| 110|  52‖ 492‖  10| 100|
--------------------------
| 100|  11|   0|  11| 100|
--------------------------
| 100| 100|   0| 100| 100|
--------------------------
| 100| 100| 100| 100| 100|
--------------------------
Op 13: (3, 0) <
--------------------------
| 100| 354|   0|  21| 100|
--------------------------
| 110|  91‖ 492‖  10| 100|
--------------------------
| 100|  11|   0|  11| 100|
--------------------------
| 100| 100|   0| 100| 100|
--------------------------
| 100| 100| 100| 100| 100|
--------------------------
Op 14: (0, 0) >
--------------------------
| 100|   0| 319|  21| 100|
--------------------------
| 110|  91‖ 527‖  10| 100|
--------------------------
| 100|  11|   0|  11| 100|
--------------------------
| 100| 100|   0| 100| 100|
--------------------------
| 100| 100| 100| 100| 100|
--------------------------
Op 15: (0, 1) >
--------------------------
| 100|   0| 328|  21| 100|
--------------------------
| 110|   0‖ 548‖  62| 100|
--------------------------
| 100|  11|   9|  11| 100|
--------------------------
| 100| 100|   0| 100| 100|
--------------------------
| 100| 100| 100| 100| 100|
--------------------------
Op 16: (3, 0) <
--------------------------
| 100| 296|   0|  21| 100|
--------------------------
| 110|  32‖ 548‖  62| 100|
--------------------------
| 100|  11|   9|  11| 100|
--------------------------
| 100| 100|   0| 100| 100|
--------------------------
| 100| 100| 100| 100| 100|
--------------------------
Op 17: (0, 0) >
--------------------------
| 100|   0| 267|  21| 100|
--------------------------
| 110|  32‖ 577‖  62| 100|
--------------------------
| 100|  11|   9|  11| 100|
--------------------------
| 100| 100|   0| 100| 100|
--------------------------
| 100| 100| 100| 100| 100|
--------------------------
Op 18: (3, 0) <
--------------------------
| 100| 241|   0|  21| 100|
--------------------------
| 110|  58‖ 577‖  62| 100|
--------------------------
| 100|  11|   9|  11| 100|
--------------------------
| 100| 100|   0| 100| 100|
--------------------------
| 100| 100| 100| 100| 100|
--------------------------
Op 19: (0, 0) >
--------------------------
| 100|   0| 217|  21| 100|
--------------------------
| 110|  58‖ 601‖  62| 100|
--------------------------
| 100|  11|   9|  11| 100|
--------------------------
| 100| 100|   0| 100| 100|
--------------------------
| 100| 100| 100| 100| 100|
--------------------------
Op 20: (3, 0) <
--------------------------
| 100| 196|   0|  21| 100|
--------------------------
| 110|  79‖ 601‖  62| 100|
--------------------------
| 100|  11|   9|  11| 100|
--------------------------
| 100| 100|   0| 100| 100|
--------------------------
| 100| 100| 100| 100| 100|
--------------------------
Op 21: (0, 0) >
--------------------------
| 100|   0| 177|  21| 100|
--------------------------
| 110|  79‖ 620‖  62| 100|
--------------------------
| 100|  11|   9|  11| 100|
--------------------------
| 100| 100|   0| 100| 100|
--------------------------
| 100| 100| 100| 100| 100|
--------------------------
Op 22: (0, 1) >
--------------------------
| 100|   0| 184|  21| 100|
--------------------------
| 110|   0‖ 623‖ 124| 100|
--------------------------
| 100|  11|  16|  11| 100|
--------------------------
| 100| 100|   0| 100| 100|
--------------------------
| 100| 100| 100| 100| 100|
--------------------------
Op 23: (4, 1) <
--------------------------
| 100|   0| 196|  21| 100|
--------------------------
| 110|  62‖ 661‖   0| 100|
--------------------------
| 100|  11|  28|  11| 100|
--------------------------
| 100| 100|   0| 100| 100|
--------------------------
| 100| 100| 100| 100| 100|
--------------------------
Op 24: (1, 4) ^
--------------------------
| 100|   0| 196|  21| 100|
--------------------------
| 110|  63‖ 661‖   0| 100|
--------------------------
| 110|  90|  38|  11| 100|
--------------------------
| 100|   0|   0| 100| 100|
--------------------------
| 100| 100| 100| 100| 100|
--------------------------
Op 25: (1, 3) ^
--------------------------
| 100|   6| 196|  21| 100|
--------------------------
| 119| 129‖ 670‖   0| 100|
--------------------------
| 110|   0|  38|  11| 100|
--------------------------
| 100|   0|   0| 100| 100|
--------------------------
| 100| 100| 100| 100| 100|
--------------------------
Op 26: (0, 1) >
--------------------------
| 100|   6| 208|  21| 100|
--------------------------
| 119|   0‖ 708‖  67| 100|
--------------------------
| 110|   0|  50|  11| 100|
--------------------------
| 100|   0|   0| 100| 100|
--------------------------
| 100| 100| 100| 100| 100|
--------------------------
Op 27: (3, 4) ^
--------------------------
| 100|   6| 208|  21| 100|
--------------------------
| 119|   0‖ 708‖  68| 100|
--------------------------
| 110|   0|  60|  90| 110|
--------------------------
| 100|   0|   0|   0| 100|
--------------------------
| 100| 100| 100| 100| 100|
--------------------------
Op 28: (4, 2) <
--------------------------
| 100|   6| 208|  21| 100|
--------------------------
| 119|   0‖ 717‖  68| 100|
--------------------------
| 110|   6| 126|   0| 110|
--------------------------
| 100|   0|   9|   0| 100|
--------------------------
| 100| 100| 100| 100| 100|
--------------------------
Op 29: (2, 3) ^
--------------------------
| 100|   6| 279|  21| 100|
--------------------------
| 119|  12‖ 748‖  80| 100|
--------------------------
| 110|   6|   0|   0| 110|
--------------------------
| 100|   0|   9|   0| 100|
--------------------------
| 100| 100| 100| 100| 100|
--------------------------
Op 30: (3, 0) <
--------------------------
| 100| 258|   0|  21| 100|
--------------------------
| 119|  39‖ 748‖  80| 100|
--------------------------
| 110|   6|   0|   0| 110|
--------------------------
| 100|   0|   9|   0| 100|
--------------------------
| 100| 100| 100| 100| 100|
--------------------------
Op 31: (0, 0) >
--------------------------
| 100|   0| 233|  21| 100|
--------------------------
| 119|  39‖ 773‖  80| 100|
--------------------------
| 110|   6|   0|   0| 110|
--------------------------
| 100|   0|   9|   0| 100|
--------------------------
| 100| 100| 100| 100| 100|
--------------------------
Op 32: (1, 0) >
--------------------------
| 100|   0|   0| 229| 102|
--------------------------
| 119|  39‖ 773‖ 103| 100|
--------------------------
| 110|   6|   0|   0| 110|
--------------------------
| 100|   0|   9|   0| 100|
--------------------------
| 100| 100| 100| 100| 100|
--------------------------
Op 33: (4, 0) <
--------------------------
| 100|   0| 207|   0| 102|
--------------------------
| 119|  39‖ 795‖ 103| 100|
--------------------------
| 110|   6|   0|   0| 110|
--------------------------
| 100|   0|   9|   0| 100|
--------------------------
| 100| 100| 100| 100| 100|
--------------------------
Op 34: (1, 0) >
--------------------------
| 100|   0|   0| 187| 102|
--------------------------
| 119|  39‖ 795‖ 123| 100|
--------------------------
| 110|   6|   0|   0| 110|
--------------------------
| 100|   0|   9|   0| 100|
--------------------------
| 100| 100| 100| 100| 100|
--------------------------
Op 35: (4, 1) <
--------------------------
| 100|   0|  12| 187| 102|
--------------------------
| 119| 118‖ 815‖   0| 100|
--------------------------
| 110|   6|  12|   0| 110|
--------------------------
| 100|   0|   9|   0| 100|
--------------------------
| 100| 100| 100| 100| 100|
--------------------------
Op 36: (4, 0) <
--------------------------
| 100|   1| 180|   0| 102|
--------------------------
| 119| 118‖ 833‖   0| 100|
--------------------------
| 110|   6|  12|   0| 110|
--------------------------
| 100|   0|   9|   0| 100|
--------------------------
| 100| 100| 100| 100| 100|
--------------------------
Op 37: (3, 0) <
--------------------------
| 100| 163|   0|   0| 102|
--------------------------
| 119| 136‖ 833‖   0| 100|
--------------------------
| 110|   6|  12|   0| 110|
--------------------------
| 100|   0|   9|   0| 100|
--------------------------
| 100| 100| 100| 100| 100|
--------------------------
Op 38: (0, 1) >
--------------------------
| 100| 163|  13|   0| 102|
--------------------------
| 119|   0‖ 860‖  83| 100|
--------------------------
| 110|   6|  25|   0| 110|
--------------------------
| 100|   0|   9|   0| 100|
--------------------------
| 100| 100| 100| 100| 100|
--------------------------
Op 39: (0, 0) >
--------------------------
| 100|   0| 159|   1| 102|
--------------------------
| 119|   0‖ 876‖  83| 100|
--------------------------
| 110|   6|  25|   0| 110|
--------------------------
| 100|   0|   9|   0| 100|
--------------------------
| 100| 100| 100| 100| 100|
--------------------------
Op 40: (1, 0) >
--------------------------
| 100|   0|   0| 145| 102|
--------------------------
| 119|   0‖ 876‖  98| 100|
--------------------------
| 110|   6|  25|   0| 110|
--------------------------
| 100|   0|   9|   0| 100|
--------------------------
| 100| 100| 100| 100| 100|
--------------------------
Op 41: (4, 0) <
--------------------------
| 100|   0| 131|   0| 102|
--------------------------
| 119|   0‖ 890‖  98| 100|
--------------------------
| 110|   6|  25|   0| 110|
--------------------------
| 100|   0|   9|   0| 100|
--------------------------
| 100| 100| 100| 100| 100|
--------------------------
Op 42: (3, 0) v
--------------------------
| 100|   0| 131|   0| 102|
--------------------------
| 119|   0‖ 890‖   0| 100|
--------------------------
| 110|   6|  34|  80| 119|
--------------------------
| 100|   0|   9|   0| 100|
--------------------------
| 100| 100| 100| 100| 100|
--------------------------
Op 43: (4, 2) <
--------------------------
| 100|   0| 131|   0| 102|
--------------------------
| 119|   0‖ 898‖   0| 100|
--------------------------
| 110|   9|  95|   0| 119|
--------------------------
| 100|   0|  17|   0| 100|
--------------------------
| 100| 100| 100| 100| 100|
--------------------------
Op 44: (2, 4) ^
--------------------------
| 100|   0| 131|   0| 102|
--------------------------
| 119|   0‖ 907‖   0| 100|
--------------------------
| 110|  10| 101|   1| 119|
--------------------------
| 100|   0|   0|   0| 100|
--------------------------
| 100| 100| 100| 100| 100|
--------------------------
Op 45: (2, 4) ^
--------------------------
| 100|   0| 131|   0| 102|
--------------------------
| 119|   0‖ 917‖   0| 100|
--------------------------
| 110|  10|  91|   1| 119|
--------------------------
| 100|   0|   0|   0| 100|
--------------------------
| 100| 100| 100| 100| 100|
--------------------------
Op 46: (2, 4) ^
--------------------------
| 100|   0| 131|   0| 102|
--------------------------
| 119|   0‖ 926‖   0| 100|
--------------------------
| 110|  10|  82|   1| 119|
--------------------------
| 100|   0|   0|   0| 100|
--------------------------
| 100| 100| 100| 100| 100|
--------------------------
Op 47: (2, 4) ^
--------------------------
| 100|   0| 131|   0| 102|
--------------------------
| 119|   0‖ 934‖   0| 100|
--------------------------
| 110|  10|  74|   1| 119|
--------------------------
| 100|   0|   0|   0| 100|
--------------------------
| 100| 100| 100| 100| 100|
--------------------------
Op 48: (2, 4) ^
--------------------------
| 100|   0| 131|   0| 102|
--------------------------
| 119|   0‖ 941‖   0| 100|
--------------------------
| 110|  10|  67|   1| 119|
--------------------------
| 100|   0|   0|   0| 100|
--------------------------
| 100| 100| 100| 100| 100|
--------------------------
Op 49: (2, 4) ^
--------------------------
| 100|   0| 131|   0| 102|
--------------------------
| 119|   0‖ 947‖   0| 100|
--------------------------
| 110|  10|  61|   1| 119|
--------------------------
| 100|   0|   0|   0| 100|
--------------------------
| 100| 100| 100| 100| 100|
--------------------------