Optimierungsdauer: 22.000 secs
Gesehene einzigartige Schulhoefe: 1132722
Durchgefuehrte Blaseoperationen: 2214540
Laengste Schrittfolge: 4

==================================================

Bester Schulhof
  Maximal-Laub: 389
  Schritte: 4

--------------------------
| 100| 100| 100| 100| 100|
--------------------------
| 100| 100‖ 100‖ 100| 100|
--------------------------
| 100| 100| 100| 100| 100|
--------------------------
| 100| 100| 100| 100| 100|
--------------------------
| 100| 100| 100| 100| 100|
--------------------------
Op 1: (4, 2) <
--------------------------
| 100| 100| 100| 100| 100|
--------------------------
| 100| 100‖ 110‖ 100| 100|
--------------------------
| 100| 110| 170|   0| 100|
--------------------------
| 100| 100| 110| 100| 100|
--------------------------
| 100| 100| 100| 100| 100|
--------------------------
Op 2: (2, 3) ^
--------------------------
| 100| 100| 111| 100| 100|
--------------------------
| 100| 117‖ 235‖ 117| 100|
--------------------------
| 100| 110|   0|   0| 100|
--------------------------
| 100| 100| 110| 100| 100|
--------------------------
| 100| 100| 100| 100| 100|
--------------------------
Op 3: (0, 1) >
--------------------------
| 100| 100| 122| 100| 100|
--------------------------
| 100|   0‖ 307‖ 140| 100|
--------------------------
| 100| 110|  11|   0| 100|
--------------------------
| 100| 100| 110| 100| 100|
--------------------------
| 100| 100| 100| 100| 100|
--------------------------
Op 4: (4, 1) <
--------------------------
| 100| 100| 136| 100| 100|
--------------------------
| 100|  30‖ 389‖   0| 100|
--------------------------
| 100| 110|  25|   0| 100|
--------------------------
| 100| 100| 110| 100| 100|
--------------------------
| 100| 100| 100| 100| 100|
--------------------------