Optimierungsdauer: 0.145 secs
Gesehene einzigartige Schulhoefe: 1228
Durchgefuehrte Blaseoperationen: 2040
Laengste Schrittfolge: 2

==================================================

Bester Schulhof
  Maximal-Laub: 241
  Schritte: 2

--------------------------
| 100| 100| 100| 100| 100|
--------------------------
| 100| 100‖ 100‖ 100| 100|
--------------------------
| 100| 100| 100| 100| 100|
--------------------------
| 100| 100| 100| 100| 100|
--------------------------
| 100| 100| 100| 100| 100|
--------------------------
Op 1: (2, 3) ^
--------------------------
| 100| 100| 110| 100| 100|
--------------------------
| 100| 110‖ 170‖ 110| 100|
--------------------------
| 100| 100|   0| 100| 100|
--------------------------
| 100| 100| 100| 100| 100|
--------------------------
| 100| 100| 100| 100| 100|
--------------------------
Op 2: (4, 1) <
--------------------------
| 100| 100| 121| 100| 100|
--------------------------
| 100| 127‖ 241‖   0| 100|
--------------------------
| 100| 100|  11| 100| 100|
--------------------------
| 100| 100| 100| 100| 100|
--------------------------
| 100| 100| 100| 100| 100|
--------------------------