Optimierungsdauer: 1.077 secs
Gesehene einzigartige Schulhoefe: 39227
Durchgefuehrte Blaseoperationen: 72600
Laengste Schrittfolge: 3

==================================================

Bester Schulhof
  Maximal-Laub: 320
  Schritte: 3

--------------------------
| 100| 100| 100| 100| 100|
--------------------------
| 100| 100‖ 100‖ 100| 100|
--------------------------
| 100| 100| 100| 100| 100|
--------------------------
| 100| 100| 100| 100| 100|
--------------------------
| 100| 100| 100| 100| 100|
--------------------------
Op 1: (2, 3) ^
--------------------------
| 100| 100| 110| 100| 100|
--------------------------
| 100| 110‖ 170‖ 110| 100|
--------------------------
| 100| 100|   0| 100| 100|
--------------------------
| 100| 100| 100| 100| 100|
--------------------------
| 100| 100| 100| 100| 100|
--------------------------
Op 2: (4, 1) <
--------------------------
| 100| 100| 121| 100| 100|
--------------------------
| 100| 127‖ 241‖   0| 100|
--------------------------
| 100| 100|  11| 100| 100|
--------------------------
| 100| 100| 100| 100| 100|
--------------------------
| 100| 100| 100| 100| 100|
--------------------------
Op 3: (0, 1) >
--------------------------
| 100| 100| 133| 100| 100|
--------------------------
| 100|   0‖ 320‖  24| 100|
--------------------------
| 100| 100|  23| 100| 100|
--------------------------
| 100| 100| 100| 100| 100|
--------------------------
| 100| 100| 100| 100| 100|
--------------------------