Optimierungsdauer: 9.794 secs
Gesehene einzigartige Schulhoefe: 288035
Durchgefuehrte Blaseoperationen: 500000
Laengste Schrittfolge: 13

==================================================

Bester Schulhof
  Maximal-Laub: 701
  Schritte: 13

--------------------------
| 100| 100| 100| 100| 100|
--------------------------
| 100| 100| 100| 100| 100|
--------------------------
| 100| 100| 100| 100| 100|
--------------------------
| 100| 100| 100| 100| 100|
--------------------------
| 100| 100| 100| 100| 100|
--------------------------
(3, 1) <
--------------------------
| 100| 110| 100| 100| 100|
--------------------------
| 110| 170|   0| 100| 100|
--------------------------
| 100| 110| 100| 100| 100|
--------------------------
| 100| 100| 100| 100| 100|
--------------------------
| 100| 100| 100| 100| 100|
--------------------------
(1, 0) v
--------------------------
| 100| 110| 100| 100| 100|
--------------------------
| 110|   0|   0| 100| 100|
--------------------------
| 117| 235| 117| 100| 100|
--------------------------
| 100| 111| 100| 100| 100|
--------------------------
| 100| 100| 100| 100| 100|
--------------------------
(1, 4) ^
--------------------------
| 100| 110| 100| 100| 100|
--------------------------
| 110|  23|   0| 100| 100|
--------------------------
| 128| 301| 128| 100| 100|
--------------------------
| 100|   0| 100| 100| 100|
--------------------------
| 100| 100| 100| 100| 100|
--------------------------
(0, 2) >
--------------------------
| 100| 110| 100| 100| 100|
--------------------------
| 110|  23|  30| 100| 100|
--------------------------
| 128|   0| 357| 112| 100|
--------------------------
| 100|   0| 130| 100| 100|
--------------------------
| 100| 100| 100| 100| 100|
--------------------------
(2, 4) ^
--------------------------
| 100| 110| 100| 100| 100|
--------------------------
| 110|  23|  65| 100| 100|
--------------------------
| 128|  13| 426| 125| 100|
--------------------------
| 100|   0|   0| 100| 100|
--------------------------
| 100| 100| 100| 100| 100|
--------------------------
(1, 2) >
--------------------------
| 100| 110| 100| 100| 100|
--------------------------
| 110|  23|  65| 142| 100|
--------------------------
| 128|  13|   0| 455| 112|
--------------------------
| 100|   0|   0| 142| 100|
--------------------------
| 100| 100| 100| 100| 100|
--------------------------
(3, 4) ^
--------------------------
| 100| 110| 100| 100| 100|
--------------------------
| 110|  23|  65| 187| 100|
--------------------------
| 128|  13|  14| 524| 126|
--------------------------
| 100|   0|   0|   0| 100|
--------------------------
| 100| 100| 100| 100| 100|
--------------------------
(1, 1) >
--------------------------
| 100| 110| 100| 106| 100|
--------------------------
| 110|  23|   0| 222| 118|
--------------------------
| 128|  13|  14| 530| 126|
--------------------------
| 100|   0|   0|   0| 100|
--------------------------
| 100| 100| 100| 100| 100|
--------------------------
(3, 0) v
--------------------------
| 100| 110| 100| 106| 100|
--------------------------
| 110|  23|   0|   0| 118|
--------------------------
| 128|  13|  36| 655| 148|
--------------------------
| 100|   0|   0|  53| 100|
--------------------------
| 100| 100| 100| 100| 100|
--------------------------
(4, 0) v
--------------------------
| 100| 110| 100| 106| 100|
--------------------------
| 110|  23|   0|   0|   0|
--------------------------
| 128|  13|  36| 666| 241|
--------------------------
| 100|   0|   0|  53| 114|
--------------------------
| 100| 100| 100| 100| 100|
--------------------------
(4, 1) v
--------------------------
| 100| 110| 100| 106| 100|
--------------------------
| 110|  23|   0|   0|   0|
--------------------------
| 128|  13|  36| 666|   0|
--------------------------
| 100|   0|   0|  77| 320|
--------------------------
| 100| 100| 100| 100| 111|
--------------------------
(4, 4) ^
--------------------------
| 100| 110| 100| 106| 100|
--------------------------
| 110|  23|   0|   0|   0|
--------------------------
| 128|  13|  36| 698| 288|
--------------------------
| 100|   0|   0|  77|   0|
--------------------------
| 100| 100| 100| 100| 111|
--------------------------
(0, 2) >
--------------------------
| 100| 110| 100| 106| 100|
--------------------------
| 110|  23|   1|   0|   0|
--------------------------
| 128|   0|  44| 701| 288|
--------------------------
| 100|   0|   1|  77|   0|
--------------------------
| 100| 100| 100| 100| 111|
--------------------------