Optimierungsdauer: 9.679 secs
Gesehene einzigartige Schulhoefe: 296051
Durchgefuehrte Blaseoperationen: 500000
Laengste Schrittfolge: 21

==================================================

Bester Schulhof
  Maximal-Laub: 765
  Schritte: 21

--------------------------
| 100| 100| 100| 100| 100|
--------------------------
| 100| 100| 100| 100| 100|
--------------------------
| 100| 100| 100| 100| 100|
--------------------------
| 100| 100| 100| 100| 100|
--------------------------
| 100| 100| 100| 100| 100|
--------------------------
(3, 1) <
--------------------------
| 100| 110| 100| 100| 100|
--------------------------
| 110| 170|   0| 100| 100|
--------------------------
| 100| 110| 100| 100| 100|
--------------------------
| 100| 100| 100| 100| 100|
--------------------------
| 100| 100| 100| 100| 100|
--------------------------
(1, 0) v
--------------------------
| 100| 110| 100| 100| 100|
--------------------------
| 110|   0|   0| 100| 100|
--------------------------
| 117| 235| 117| 100| 100|
--------------------------
| 100| 111| 100| 100| 100|
--------------------------
| 100| 100| 100| 100| 100|
--------------------------
(3, 2) <
--------------------------
| 100| 110| 100| 100| 100|
--------------------------
| 110|  11|   0| 100| 100|
--------------------------
| 140| 307|   0| 100| 100|
--------------------------
| 100| 122| 100| 100| 100|
--------------------------
| 100| 100| 100| 100| 100|
--------------------------
(1, 1) v
--------------------------
| 100| 110| 100| 100| 100|
--------------------------
| 110|  11|   0| 100| 100|
--------------------------
| 140|   0|   0| 100| 100|
--------------------------
| 130| 357| 130| 100| 100|
--------------------------
| 100| 112| 100| 100| 100|
--------------------------
(0, 3) >
--------------------------
| 100| 110| 100| 100| 100|
--------------------------
| 110|  11|   0| 100| 100|
--------------------------
| 140|   0|  35| 100| 100|
--------------------------
| 130|   0| 404| 113| 100|
--------------------------
| 100| 112| 135| 100| 100|
--------------------------
(4, 3) <
--------------------------
| 100| 110| 100| 100| 100|
--------------------------
| 110|  11|   0| 100| 100|
--------------------------
| 140|   0|  46| 100| 100|
--------------------------
| 130|  40| 455|   0| 100|
--------------------------
| 100| 112| 146| 100| 100|
--------------------------
(3, 0) v
--------------------------
| 100| 110| 100| 100| 100|
--------------------------
| 110|  11|   0|   0| 100|
--------------------------
| 140|   0|  56| 170| 110|
--------------------------
| 130|  40| 455|  10| 100|
--------------------------
| 100| 112| 146| 100| 100|
--------------------------
(4, 2) <
--------------------------
| 100| 110| 100| 100| 100|
--------------------------
| 110|  11|  17|   0| 100|
--------------------------
| 140|   5| 187|   0| 110|
--------------------------
| 130|  40| 472|  10| 100|
--------------------------
| 100| 112| 146| 100| 100|
--------------------------
(2, 1) v
--------------------------
| 100| 110| 100| 100| 100|
--------------------------
| 110|  11|  17|   0| 100|
--------------------------
| 140|   5|   0|   0| 110|
--------------------------
| 130|  58| 576|  28| 100|
--------------------------
| 100| 112| 193| 100| 100|
--------------------------
(4, 4) <
--------------------------
| 100| 110| 100| 100| 100|
--------------------------
| 110|  11|  17|   0| 100|
--------------------------
| 140|   5|   0|   0| 110|
--------------------------
| 130|  58| 586|  28| 100|
--------------------------
| 100| 131| 264|   0| 100|
--------------------------
(3, 4) <
--------------------------
| 100| 110| 100| 100| 100|
--------------------------
| 110|  11|  17|   0| 100|
--------------------------
| 140|   5|   0|   0| 110|
--------------------------
| 130|  84| 586|  28| 100|
--------------------------
| 113| 356|   0|   0| 100|
--------------------------
(0, 4) >
--------------------------
| 100| 110| 100| 100| 100|
--------------------------
| 110|  11|  17|   0| 100|
--------------------------
| 140|   5|   0|   0| 110|
--------------------------
| 130|  84| 621|  28| 100|
--------------------------
| 113|   0| 321|   0| 100|
--------------------------
(3, 4) <
--------------------------
| 100| 110| 100| 100| 100|
--------------------------
| 110|  11|  17|   0| 100|
--------------------------
| 140|   5|   0|   0| 110|
--------------------------
| 130| 116| 621|  28| 100|
--------------------------
| 113| 289|   0|   0| 100|
--------------------------
(0, 4) >
--------------------------
| 100| 110| 100| 100| 100|
--------------------------
| 110|  11|  17|   0| 100|
--------------------------
| 140|   5|   0|   0| 110|
--------------------------
| 130| 116| 649|  28| 100|
--------------------------
| 113|   0| 261|   0| 100|
--------------------------
(3, 4) <
--------------------------
| 100| 110| 100| 100| 100|
--------------------------
| 110|  11|  17|   0| 100|
--------------------------
| 140|   5|   0|   0| 110|
--------------------------
| 130| 142| 649|  28| 100|
--------------------------
| 113| 235|   0|   0| 100|
--------------------------
(0, 4) >
--------------------------
| 100| 110| 100| 100| 100|
--------------------------
| 110|  11|  17|   0| 100|
--------------------------
| 140|   5|   0|   0| 110|
--------------------------
| 130| 142| 672|  28| 100|
--------------------------
| 113|   0| 212|   0| 100|
--------------------------
(0, 3) >
--------------------------
| 100| 110| 100| 100| 100|
--------------------------
| 110|  11|  17|   0| 100|
--------------------------
| 140|   5|  14|   0| 110|
--------------------------
| 130|   0| 719|  95| 100|
--------------------------
| 113|   0| 226|   0| 100|
--------------------------
(1, 4) >
--------------------------
| 100| 110| 100| 100| 100|
--------------------------
| 110|  11|  17|   0| 100|
--------------------------
| 140|   5|  14|   0| 110|
--------------------------
| 130|   0| 719| 117| 100|
--------------------------
| 113|   0|   0| 204| 100|
--------------------------
(4, 3) <
--------------------------
| 100| 110| 100| 100| 100|
--------------------------
| 110|  11|  17|   0| 100|
--------------------------
| 140|   5|  25|   0| 110|
--------------------------
| 130|  71| 743|   0| 100|
--------------------------
| 113|   0|  11| 204| 100|
--------------------------
(4, 4) <
--------------------------
| 100| 110| 100| 100| 100|
--------------------------
| 110|  11|  17|   0| 100|
--------------------------
| 140|   5|  25|   0| 110|
--------------------------
| 130|  71| 763|   0| 100|
--------------------------
| 113|   1| 194|   0| 100|
--------------------------
(2, 0) v
--------------------------
| 100| 110| 100| 100| 100|
--------------------------
| 110|  11|   0|   0| 100|
--------------------------
| 140|   6|  38|   1| 110|
--------------------------
| 130|  71| 765|   0| 100|
--------------------------
| 113|   1| 194|   0| 100|
--------------------------