Optimierungsdauer: 1.002 secs
Gesehene einzigartige Schulhoefe: 9803
Durchgefuehrte Blaseoperationen: 18780
Laengste Schrittfolge: 3

==================================================

Bester Schulhof
  Maximal-Laub: 320
  Schritte: 3

--------------------------
| 100| 100| 100| 100| 100|
--------------------------
| 100| 100| 100| 100| 100|
--------------------------
| 100| 100| 100| 100| 100|
--------------------------
| 100| 100| 100| 100| 100|
--------------------------
| 100| 100| 100| 100| 100|
--------------------------
(4, 2) <
--------------------------
| 100| 100| 100| 100| 100|
--------------------------
| 100| 100| 110| 100| 100|
--------------------------
| 100| 110| 170|   0| 100|
--------------------------
| 100| 100| 110| 100| 100|
--------------------------
| 100| 100| 100| 100| 100|
--------------------------
(2, 4) ^
--------------------------
| 100| 100| 100| 100| 100|
--------------------------
| 100| 100| 127| 100| 100|
--------------------------
| 100| 121| 241|  11| 100|
--------------------------
| 100| 100|   0| 100| 100|
--------------------------
| 100| 100| 100| 100| 100|
--------------------------
(2, 0) v
--------------------------
| 100| 100| 100| 100| 100|
--------------------------
| 100| 100|   0| 100| 100|
--------------------------
| 100| 133| 320|  23| 100|
--------------------------
| 100| 100|  24| 100| 100|
--------------------------
| 100| 100| 100| 100| 100|
--------------------------