Optimierungsdauer: 0.071 secs
Gesehene einzigartige Schulhoefe: 322
Durchgefuehrte Blaseoperationen: 600
Laengste Schrittfolge: 2

==================================================

Bester Schulhof
  Maximal-Laub: 241
  Schritte: 2

--------------------------
| 100| 100| 100| 100| 100|
--------------------------
| 100| 100| 100| 100| 100|
--------------------------
| 100| 100| 100| 100| 100|
--------------------------
| 100| 100| 100| 100| 100|
--------------------------
| 100| 100| 100| 100| 100|
--------------------------
(4, 2) <
--------------------------
| 100| 100| 100| 100| 100|
--------------------------
| 100| 100| 110| 100| 100|
--------------------------
| 100| 110| 170|   0| 100|
--------------------------
| 100| 100| 110| 100| 100|
--------------------------
| 100| 100| 100| 100| 100|
--------------------------
(2, 4) ^
--------------------------
| 100| 100| 100| 100| 100|
--------------------------
| 100| 100| 127| 100| 100|
--------------------------
| 100| 121| 241|  11| 100|
--------------------------
| 100| 100|   0| 100| 100|
--------------------------
| 100| 100| 100| 100| 100|
--------------------------