Optimierungsdauer: 9.830 secs
Gesehene einzigartige Schulhoefe: 305924
Durchgefuehrte Blaseoperationen: 500000
Laengste Schrittfolge: 52

==================================================

Bester Schulhof
  Maximal-Laub: 878
  Schritte: 51

--------------------------
| 100| 100| 100| 100| 100|
--------------------------
| 100| 100| 100| 100| 100|
--------------------------
| 100| 100| 100| 100| 100|
--------------------------
| 100| 100| 100| 100| 100|
--------------------------
| 100| 100| 100| 100| 100|
--------------------------
(3, 1) <
--------------------------
| 100| 110| 100| 100| 100|
--------------------------
| 110| 170|   0| 100| 100|
--------------------------
| 100| 110| 100| 100| 100|
--------------------------
| 100| 100| 100| 100| 100|
--------------------------
| 100| 100| 100| 100| 100|
--------------------------
(1, 3) ^
--------------------------
| 100| 127| 100| 100| 100|
--------------------------
| 121| 241|  11| 100| 100|
--------------------------
| 100|   0| 100| 100| 100|
--------------------------
| 100| 100| 100| 100| 100|
--------------------------
| 100| 100| 100| 100| 100|
--------------------------
(3, 2) <
--------------------------
| 100| 127| 100| 100| 100|
--------------------------
| 121| 251|  11| 100| 100|
--------------------------
| 100|  80|   0| 100| 100|
--------------------------
| 100| 110| 100| 100| 100|
--------------------------
| 100| 100| 100| 100| 100|
--------------------------
(1, 3) ^
--------------------------
| 100| 152| 100| 100| 100|
--------------------------
| 129| 290|  19| 100| 100|
--------------------------
| 100|   0|   0| 100| 100|
--------------------------
| 100| 110| 100| 100| 100|
--------------------------
| 100| 100| 100| 100| 100|
--------------------------
(3, 0) <
--------------------------
| 115| 227|   0| 100| 100|
--------------------------
| 129| 300|  19| 100| 100|
--------------------------
| 100|   0|   0| 100| 100|
--------------------------
| 100| 110| 100| 100| 100|
--------------------------
| 100| 100| 100| 100| 100|
--------------------------
(4, 1) <
--------------------------
| 115| 227|  10| 100| 100|
--------------------------
| 129| 301|  98|   0| 100|
--------------------------
| 100|   0|  10| 100| 100|
--------------------------
| 100| 110| 100| 100| 100|
--------------------------
| 100| 100| 100| 100| 100|
--------------------------
(3, 1) <
--------------------------
| 115| 236|  10| 100| 100|
--------------------------
| 159| 351|   0|   0| 100|
--------------------------
| 100|   9|  10| 100| 100|
--------------------------
| 100| 110| 100| 100| 100|
--------------------------
| 100| 100| 100| 100| 100|
--------------------------
(0, 0) v
--------------------------
| 115| 236|  10| 100| 100|
--------------------------
|   0| 351|   0|   0| 100|
--------------------------
| 234|  24|  10| 100| 100|
--------------------------
| 110| 110| 100| 100| 100|
--------------------------
| 100| 100| 100| 100| 100|
--------------------------
(0, 3) ^
--------------------------
| 115| 236|  10| 100| 100|
--------------------------
| 211| 374|   0|   0| 100|
--------------------------
|   0|  24|  10| 100| 100|
--------------------------
| 110| 110| 100| 100| 100|
--------------------------
| 100| 100| 100| 100| 100|
--------------------------
(1, 4) ^
--------------------------
| 115| 236|  10| 100| 100|
--------------------------
| 211| 376|   0|   0| 100|
--------------------------
|  11| 110|  21| 100| 100|
--------------------------
| 110|   0| 100| 100| 100|
--------------------------
| 100| 100| 100| 100| 100|
--------------------------
(1, 3) ^
--------------------------
| 115| 273|  10| 100| 100|
--------------------------
| 222| 427|  11|   0| 100|
--------------------------
|  11|   0|  21| 100| 100|
--------------------------
| 110|   0| 100| 100| 100|
--------------------------
| 100| 100| 100| 100| 100|
--------------------------
(0, 0) v
--------------------------
| 115| 273|  10| 100| 100|
--------------------------
|   0| 427|  11|   0| 100|
--------------------------
| 210|  22|  21| 100| 100|
--------------------------
| 111|   0| 100| 100| 100|
--------------------------
| 100| 100| 100| 100| 100|
--------------------------
(0, 3) ^
--------------------------
| 115| 273|  10| 100| 100|
--------------------------
| 189| 448|  11|   0| 100|
--------------------------
|   0|  22|  21| 100| 100|
--------------------------
| 111|   0| 100| 100| 100|
--------------------------
| 100| 100| 100| 100| 100|
--------------------------
(0, 0) >
--------------------------
| 115|   0| 255| 101| 100|
--------------------------
| 189| 448|  38|   0| 100|
--------------------------
|   0|  22|  21| 100| 100|
--------------------------
| 111|   0| 100| 100| 100|
--------------------------
| 100| 100| 100| 100| 100|
--------------------------
(3, 0) <
--------------------------
| 115| 230|   0| 101| 100|
--------------------------
| 189| 473|  38|   0| 100|
--------------------------
|   0|  22|  21| 100| 100|
--------------------------
| 111|   0| 100| 100| 100|
--------------------------
| 100| 100| 100| 100| 100|
--------------------------
(0, 0) >
--------------------------
| 115|   0| 207| 101| 100|
--------------------------
| 189| 473|  61|   0| 100|
--------------------------
|   0|  22|  21| 100| 100|
--------------------------
| 111|   0| 100| 100| 100|
--------------------------
| 100| 100| 100| 100| 100|
--------------------------
(3, 0) <
--------------------------
| 115| 187|   0| 101| 100|
--------------------------
| 189| 493|  61|   0| 100|
--------------------------
|   0|  22|  21| 100| 100|
--------------------------
| 111|   0| 100| 100| 100|
--------------------------
| 100| 100| 100| 100| 100|
--------------------------
(0, 0) >
--------------------------
| 115|   0| 169| 101| 100|
--------------------------
| 189| 493|  79|   0| 100|
--------------------------
|   0|  22|  21| 100| 100|
--------------------------
| 111|   0| 100| 100| 100|
--------------------------
| 100| 100| 100| 100| 100|
--------------------------
(3, 1) <
--------------------------
| 115|   7| 169| 101| 100|
--------------------------
| 238| 509|   0|   0| 100|
--------------------------
|   0|  29|  21| 100| 100|
--------------------------
| 111|   0| 100| 100| 100|
--------------------------
| 100| 100| 100| 100| 100|
--------------------------
(3, 0) <
--------------------------
| 115| 160|   0| 101| 100|
--------------------------
| 238| 525|   0|   0| 100|
--------------------------
|   0|  29|  21| 100| 100|
--------------------------
| 111|   0| 100| 100| 100|
--------------------------
| 100| 100| 100| 100| 100|
--------------------------
(0, 0) v
--------------------------
| 115| 160|   0| 101| 100|
--------------------------
|   0| 525|   0|   0| 100|
--------------------------
| 215|  52|  21| 100| 100|
--------------------------
| 111|   0| 100| 100| 100|
--------------------------
| 100| 100| 100| 100| 100|
--------------------------
(0, 3) ^
--------------------------
| 115| 160|   0| 101| 100|
--------------------------
| 194| 546|   0|   0| 100|
--------------------------
|   0|  52|  21| 100| 100|
--------------------------
| 111|   0| 100| 100| 100|
--------------------------
| 100| 100| 100| 100| 100|
--------------------------
(4, 2) <
--------------------------
| 115| 160|   0| 101| 100|
--------------------------
| 194| 546|  10|   0| 100|
--------------------------
|   0|  54|  99|   0| 100|
--------------------------
| 111|   0| 110| 100| 100|
--------------------------
| 100| 100| 100| 100| 100|
--------------------------
(3, 2) <
--------------------------
| 115| 160|   0| 101| 100|
--------------------------
| 194| 555|  10|   0| 100|
--------------------------
|   5| 130|   0|   0| 100|
--------------------------
| 111|   9| 110| 100| 100|
--------------------------
| 100| 100| 100| 100| 100|
--------------------------
(1, 3) ^
--------------------------
| 115| 215|   0| 101| 100|
--------------------------
| 207| 604|  23|   0| 100|
--------------------------
|   5|   0|   0|   0| 100|
--------------------------
| 111|   9| 110| 100| 100|
--------------------------
| 100| 100| 100| 100| 100|
--------------------------
(0, 0) >
--------------------------
| 115|   0| 194| 101| 100|
--------------------------
| 207| 604|  44|   0| 100|
--------------------------
|   5|   0|   0|   0| 100|
--------------------------
| 111|   9| 110| 100| 100|
--------------------------
| 100| 100| 100| 100| 100|
--------------------------
(3, 0) <
--------------------------
| 115| 175|   0| 101| 100|
--------------------------
| 207| 623|  44|   0| 100|
--------------------------
|   5|   0|   0|   0| 100|
--------------------------
| 111|   9| 110| 100| 100|
--------------------------
| 100| 100| 100| 100| 100|
--------------------------
(2, 4) ^
--------------------------
| 115| 175|   0| 101| 100|
--------------------------
| 207| 623|  44|   0| 100|
--------------------------
|   5|  11|  88|  11| 100|
--------------------------
| 111|   9|   0| 100| 100|
--------------------------
| 100| 100| 100| 100| 100|
--------------------------
(2, 3) ^
--------------------------
| 115| 175|   4| 101| 100|
--------------------------
| 207| 631| 112|   8| 100|
--------------------------
|   5|  11|   0|  11| 100|
--------------------------
| 111|   9|   0| 100| 100|
--------------------------
| 100| 100| 100| 100| 100|
--------------------------
(3, 1) <
--------------------------
| 115| 186|   4| 101| 100|
--------------------------
| 270| 658|   0|   8| 100|
--------------------------
|   5|  22|   0|  11| 100|
--------------------------
| 111|   9|   0| 100| 100|
--------------------------
| 100| 100| 100| 100| 100|
--------------------------
(0, 0) v
--------------------------
| 115| 186|   4| 101| 100|
--------------------------
|   0| 658|   0|   8| 100|
--------------------------
| 248|  49|   0|  11| 100|
--------------------------
| 111|   9|   0| 100| 100|
--------------------------
| 100| 100| 100| 100| 100|
--------------------------
(0, 3) ^
--------------------------
| 115| 186|   4| 101| 100|
--------------------------
| 224| 682|   0|   8| 100|
--------------------------
|   0|  49|   0|  11| 100|
--------------------------
| 111|   9|   0| 100| 100|
--------------------------
| 100| 100| 100| 100| 100|
--------------------------
(0, 4) ^
--------------------------
| 115| 186|   4| 101| 100|
--------------------------
| 224| 682|   0|   8| 100|
--------------------------
| 100|  60|   0|  11| 100|
--------------------------
|   0|   9|   0| 100| 100|
--------------------------
| 100| 100| 100| 100| 100|
--------------------------
(0, 0) v
--------------------------
| 115| 186|   4| 101| 100|
--------------------------
|   0| 682|   0|   8| 100|
--------------------------
| 292|  82|   0|  11| 100|
--------------------------
|  10|   9|   0| 100| 100|
--------------------------
| 100| 100| 100| 100| 100|
--------------------------
(0, 3) ^
--------------------------
| 115| 186|   4| 101| 100|
--------------------------
| 263| 711|   0|   8| 100|
--------------------------
|   0|  82|   0|  11| 100|
--------------------------
|  10|   9|   0| 100| 100|
--------------------------
| 100| 100| 100| 100| 100|
--------------------------
(0, 0) v
--------------------------
| 115| 186|   4| 101| 100|
--------------------------
|   0| 711|   0|   8| 100|
--------------------------
| 237| 108|   0|  11| 100|
--------------------------
|  10|   9|   0| 100| 100|
--------------------------
| 100| 100| 100| 100| 100|
--------------------------
(0, 3) ^
--------------------------
| 115| 186|   4| 101| 100|
--------------------------
| 214| 734|   0|   8| 100|
--------------------------
|   0| 108|   0|  11| 100|
--------------------------
|  10|   9|   0| 100| 100|
--------------------------
| 100| 100| 100| 100| 100|
--------------------------
(0, 0) v
--------------------------
| 115| 186|   4| 101| 100|
--------------------------
|   0| 734|   0|   8| 100|
--------------------------
| 193| 129|   0|  11| 100|
--------------------------
|  10|   9|   0| 100| 100|
--------------------------
| 100| 100| 100| 100| 100|
--------------------------
(1, 3) ^
--------------------------
| 115| 259|   4| 101| 100|
--------------------------
|  12| 766|  12|   8| 100|
--------------------------
| 193|   0|   0|  11| 100|
--------------------------
|  10|   9|   0| 100| 100|
--------------------------
| 100| 100| 100| 100| 100|
--------------------------
(0, 3) ^
--------------------------
| 116| 259|   4| 101| 100|
--------------------------
| 185| 785|  12|   8| 100|
--------------------------
|   0|   0|   0|  11| 100|
--------------------------
|  10|   9|   0| 100| 100|
--------------------------
| 100| 100| 100| 100| 100|
--------------------------
(0, 0) >
--------------------------
| 116|   0| 238| 101| 100|
--------------------------
| 185| 785|  37|   8| 100|
--------------------------
|   0|   0|   0|  11| 100|
--------------------------
|  10|   9|   0| 100| 100|
--------------------------
| 100| 100| 100| 100| 100|
--------------------------
(3, 0) <
--------------------------
| 116| 215|   0| 101| 100|
--------------------------
| 185| 808|  37|   8| 100|
--------------------------
|   0|   0|   0|  11| 100|
--------------------------
|  10|   9|   0| 100| 100|
--------------------------
| 100| 100| 100| 100| 100|
--------------------------
(0, 0) >
--------------------------
| 116|   0| 194| 101| 100|
--------------------------
| 185| 808|  58|   8| 100|
--------------------------
|   0|   0|   0|  11| 100|
--------------------------
|  10|   9|   0| 100| 100|
--------------------------
| 100| 100| 100| 100| 100|
--------------------------
(3, 0) <
--------------------------
| 116| 175|   0| 101| 100|
--------------------------
| 185| 827|  58|   8| 100|
--------------------------
|   0|   0|   0|  11| 100|
--------------------------
|  10|   9|   0| 100| 100|
--------------------------
| 100| 100| 100| 100| 100|
--------------------------
(0, 0) v
--------------------------
| 116| 175|   0| 101| 100|
--------------------------
|   0| 827|  58|   8| 100|
--------------------------
| 167|  18|   0|  11| 100|
--------------------------
|  10|   9|   0| 100| 100|
--------------------------
| 100| 100| 100| 100| 100|
--------------------------
(0, 3) ^
--------------------------
| 116| 175|   0| 101| 100|
--------------------------
| 151| 843|  58|   8| 100|
--------------------------
|   0|  18|   0|  11| 100|
--------------------------
|  10|   9|   0| 100| 100|
--------------------------
| 100| 100| 100| 100| 100|
--------------------------
(0, 0) >
--------------------------
| 116|   0| 158| 101| 100|
--------------------------
| 151| 843|  75|   8| 100|
--------------------------
|   0|  18|   0|  11| 100|
--------------------------
|  10|   9|   0| 100| 100|
--------------------------
| 100| 100| 100| 100| 100|
--------------------------
(3, 0) <
--------------------------
| 116| 143|   0| 101| 100|
--------------------------
| 151| 858|  75|   8| 100|
--------------------------
|   0|  18|   0|  11| 100|
--------------------------
|  10|   9|   0| 100| 100|
--------------------------
| 100| 100| 100| 100| 100|
--------------------------
(4, 1) <
--------------------------
| 116| 143|   0| 101| 100|
--------------------------
| 151| 865|  76|   0| 100|
--------------------------
|   0|  18|   0|  11| 100|
--------------------------
|  10|   9|   0| 100| 100|
--------------------------
| 100| 100| 100| 100| 100|
--------------------------
(4, 1) <
--------------------------
| 116| 143|   0| 101| 100|
--------------------------
| 151| 872|  69|   0| 100|
--------------------------
|   0|  18|   0|  11| 100|
--------------------------
|  10|   9|   0| 100| 100|
--------------------------
| 100| 100| 100| 100| 100|
--------------------------
(4, 1) <
--------------------------
| 116| 143|   0| 101| 100|
--------------------------
| 151| 878|  63|   0| 100|
--------------------------
|   0|  18|   0|  11| 100|
--------------------------
|  10|   9|   0| 100| 100|
--------------------------
| 100| 100| 100| 100| 100|
--------------------------