Optimierungsdauer: 10.447 secs
Gesehene einzigartige Schulhoefe: 398373
Durchgefuehrte Blaseoperationen: 500000
Laengste Schrittfolge: 9

==================================================

Bester Schulhof
  Maximal-Laub: 696
  Schritte: 9

--------------------------
| 100| 100| 100| 100| 100|
--------------------------
| 100| 100| 100| 100| 100|
--------------------------
| 100| 100| 100| 100| 100|
--------------------------
| 100| 100| 100| 100| 100|
--------------------------
| 100| 100| 100| 100| 100|
--------------------------
(4, 1) <
--------------------------
| 100| 100| 110| 100| 100|
--------------------------
| 100| 110| 170|   0| 100|
--------------------------
| 100| 100| 110| 100| 100|
--------------------------
| 100| 100| 100| 100| 100|
--------------------------
| 100| 100| 100| 100| 100|
--------------------------
(2, 0) v
--------------------------
| 100| 100| 110| 100| 100|
--------------------------
| 100| 110|   0|   0| 100|
--------------------------
| 100| 117| 235| 117| 100|
--------------------------
| 100| 100| 111| 100| 100|
--------------------------
| 100| 100| 100| 100| 100|
--------------------------
(4, 3) <
--------------------------
| 100| 100| 110| 100| 100|
--------------------------
| 100| 110|   0|   0| 100|
--------------------------
| 100| 117| 245| 117| 100|
--------------------------
| 100| 111| 180|   0| 100|
--------------------------
| 100| 100| 110| 100| 100|
--------------------------
(2, 4) ^
--------------------------
| 100| 100| 110| 100| 100|
--------------------------
| 100| 110|  24|   0| 100|
--------------------------
| 100| 135| 365| 135| 100|
--------------------------
| 100| 111|   0|   0| 100|
--------------------------
| 100| 100| 110| 100| 100|
--------------------------
(4, 2) <
--------------------------
| 100| 100| 110| 100| 100|
--------------------------
| 100| 110|  37|   0| 100|
--------------------------
| 100| 171| 438|   0| 100|
--------------------------
| 100| 111|  13|   0| 100|
--------------------------
| 100| 100| 110| 100| 100|
--------------------------
(3, 2) <
--------------------------
| 100| 100| 110| 100| 100|
--------------------------
| 100| 153|  37|   0| 100|
--------------------------
| 117| 506|   0|   0| 100|
--------------------------
| 100| 154|  13|   0| 100|
--------------------------
| 100| 100| 110| 100| 100|
--------------------------
(1, 0) v
--------------------------
| 100| 100| 110| 100| 100|
--------------------------
| 100|   0|  37|   0| 100|
--------------------------
| 132| 579|  15|   0| 100|
--------------------------
| 100| 204|  13|   0| 100|
--------------------------
| 100| 100| 110| 100| 100|
--------------------------
(1, 4) ^
--------------------------
| 100| 100| 110| 100| 100|
--------------------------
| 100|  57|  37|   0| 100|
--------------------------
| 152| 686|  35|   0| 100|
--------------------------
| 100|   0|  13|   0| 100|
--------------------------
| 100| 100| 110| 100| 100|
--------------------------
(0, 4) ^
--------------------------
| 100| 100| 110| 100| 100|
--------------------------
| 115|  57|  37|   0| 100|
--------------------------
| 227| 696|  35|   0| 100|
--------------------------
|   0|   0|  13|   0| 100|
--------------------------
| 100| 100| 110| 100| 100|
--------------------------