Optimierungsdauer: 9.800 secs
Gesehene einzigartige Schulhoefe: 284240
Durchgefuehrte Blaseoperationen: 559080
Laengste Schrittfolge: 4

==================================================

Bester Schulhof
  Maximal-Laub: 400
  Schritte: 4

--------------------------
| 100| 100| 100| 100| 100|
--------------------------
| 100| 100| 100| 100| 100|
--------------------------
| 100| 100| 100| 100| 100|
--------------------------
| 100| 100| 100| 100| 100|
--------------------------
| 100| 100| 100| 100| 100|
--------------------------
(4, 2) <
--------------------------
| 100| 100| 100| 100| 100|
--------------------------
| 100| 100| 110| 100| 100|
--------------------------
| 100| 110| 170|   0| 100|
--------------------------
| 100| 100| 110| 100| 100|
--------------------------
| 100| 100| 100| 100| 100|
--------------------------
(0, 2) >
--------------------------
| 100| 100| 100| 100| 100|
--------------------------
| 100| 100| 121| 100| 100|
--------------------------
| 100|   0| 241|  17| 100|
--------------------------
| 100| 100| 121| 100| 100|
--------------------------
| 100| 100| 100| 100| 100|
--------------------------
(2, 4) ^
--------------------------
| 100| 100| 100| 100| 100|
--------------------------
| 100| 100| 145| 100| 100|
--------------------------
| 100|  12| 314|  29| 100|
--------------------------
| 100| 100|   0| 100| 100|
--------------------------
| 100| 100| 100| 100| 100|
--------------------------
(2, 0) v
--------------------------
| 100| 100| 100| 100| 100|
--------------------------
| 100| 100|   0| 100| 100|
--------------------------
| 100|  26| 400|  43| 100|
--------------------------
| 100| 100|  31| 100| 100|
--------------------------
| 100| 100| 100| 100| 100|
--------------------------