Optimierungsdauer: 258.934 secs
Gesehene einzigartige Schulhoefe: 7591524
Durchgefuehrte Blaseoperationen: 15274380
Laengste Schrittfolge: 5

==================================================

Bester Schulhof
  Maximal-Laub: 471
  Schritte: 5

--------------------------
| 100| 100| 100| 100| 100|
--------------------------
| 100| 100| 100| 100| 100|
--------------------------
| 100| 100| 100| 100| 100|
--------------------------
| 100| 100| 100| 100| 100|
--------------------------
| 100| 100| 100| 100| 100|
--------------------------
(4, 1) <
--------------------------
| 100| 100| 110| 100| 100|
--------------------------
| 100| 110| 170|   0| 100|
--------------------------
| 100| 100| 110| 100| 100|
--------------------------
| 100| 100| 100| 100| 100|
--------------------------
| 100| 100| 100| 100| 100|
--------------------------
(2, 4) ^
--------------------------
| 100| 100| 110| 100| 100|
--------------------------
| 100| 110| 181|   0| 100|
--------------------------
| 100| 110| 179| 110| 100|
--------------------------
| 100| 100|   0| 100| 100|
--------------------------
| 100| 100| 100| 100| 100|
--------------------------
(2, 0) v
--------------------------
| 100| 100| 110| 100| 100|
--------------------------
| 100| 110|   0|   0| 100|
--------------------------
| 100| 128| 307| 128| 100|
--------------------------
| 100| 100|  17| 100| 100|
--------------------------
| 100| 100| 100| 100| 100|
--------------------------
(4, 2) <
--------------------------
| 100| 100| 110| 100| 100|
--------------------------
| 100| 110|  12|   0| 100|
--------------------------
| 100| 158| 381|   0| 100|
--------------------------
| 100| 100|  29| 100| 100|
--------------------------
| 100| 100| 100| 100| 100|
--------------------------
(0, 2) >
--------------------------
| 100| 100| 110| 100| 100|
--------------------------
| 100| 110|  27|   0| 100|
--------------------------
| 100|   0| 471|  38| 100|
--------------------------
| 100| 100|  44| 100| 100|
--------------------------
| 100| 100| 100| 100| 100|
--------------------------