Optimierungsdauer: 0.010 secs
Gesehene einzigartige Schulhoefe: 10
Durchgefuehrte Blaseoperationen: 60
Laengste Schrittfolge: 1

==================================================

Bester Schulhof
  Maximal-Laub: 170
  Schritte: 1

--------------------------
| 100| 100| 100| 100| 100|
--------------------------
| 100| 100| 100| 100| 100|
--------------------------
| 100| 100| 100| 100| 100|
--------------------------
| 100| 100| 100| 100| 100|
--------------------------
| 100| 100| 100| 100| 100|
--------------------------
(3, 1) <
--------------------------
| 100| 110| 100| 100| 100|
--------------------------
| 110| 170|   0| 100| 100|
--------------------------
| 100| 110| 100| 100| 100|
--------------------------
| 100| 100| 100| 100| 100|
--------------------------
| 100| 100| 100| 100| 100|
--------------------------